Rufus x86 v3.14.1788 (Portable)
Windows version: Windows 10 64-bit (Build 19042.1052)
Syslinux versions: 4.07/2013-07-25, 6.04/pre1
Grub versions: 0.4.6a, 2.04
System locale ID: 0x0409 (en-US)
Will use default UI locale 0x0409
SetLGP: Successfully set NoDriveTypeAutorun policy to 0x0000009E
Localization set to 'en-US'
Found USB 2.0 device 'Generic Flash Disk USB Device' (058F:6387)
1 device found
Disk type: Removable, Disk size: 8 GB, Sector size: 512 bytes
Cylinders: 979, Tracks per cylinder: 255, Sectors per track: 63
Partition type: MBR, NB Partitions: 1
Disk ID: 0x004F8C03
Drive has a Syslinux Master Boot Record
Partition 1:
  Type: FAT32 LBA (0x0c)
  Size: 7.5 GB (8052015104 bytes)
  Start Sector: 2048, Boot: Yes
1 device found
Disk type: Removable, Disk size: 8 GB, Sector size: 512 bytes
Cylinders: 979, Tracks per cylinder: 255, Sectors per track: 63
Partition type: MBR, NB Partitions: 1
Disk ID: 0x004F8C03
Drive has a Syslinux Master Boot Record
Partition 1:
  Type: FAT32 LBA (0x0c)
  Size: 7.5 GB (8052015104 bytes)
  Start Sector: 2048, Boot: Yes
Scanning image...
ISO analysis:
  Image is an ISO9660 image
  Will use '/isolinux/isolinux.cfg' for Syslinux
  Detected Syslinux version: 6.04/20191223 (from '/isolinux/isolinux.bin')
Disk image analysis:
  Image has an unknown Master Boot Record
  Image is a bootable disk image
ISO label: 'Ubuntu 20.04.2.0 LTS amd64'
  Size: 2.7 GB (Projected)
  Has a >64 chars filename
  Uses: Syslinux/Isolinux v6.04
  Uses: EFI
  Note: This ISO uses symbolic links, which will not be replicated due to file system
  limitations. Because of this, some features from this image may not work...
Using image: ubuntu-20.04.2.0-desktop-amd64.iso (2.7 GB)

Format operation started
Requesting disk access...
Will use 'E:' as volume mountpoint
Deleting partitions:
● Partition 1 (offset: 1048576, size: 7.5 GB)
Opened \\.\PhysicalDrive2 for exclusive write access
Analyzing existing boot records...
Drive has a Syslinux Master Boot Record
Clearing MBR/PBR/GPT structures...
Erasing 128 sectors
Initializing disk...
Partitioning (GPT)...
● Creating Main Data Partition (offset: 1048576, size: 7.5 GB)
Waiting for logical drive to reappear...
Formatting (FAT32)...
Using cluster size: 4096 bytes
Quick format was selected
Creating file system...
Format completed.
Writing Master Boot Record...
Using Rufus protective MBR
Writing protective message SBR
Found volume \\?\Volume{cc359f09-d84d-11eb-a050-7c67a2e67719}\
Successfully remounted \\?\Volume{cc359f09-d84d-11eb-a050-7c67a2e67719}\ as E:
Extracting files...
Image is an ISO9660 image
This image will be extracted using Rock Ridge extensions (if present)
Extracting: E:\.disk\base_installable (0 bytes)
Extracting: E:\.disk\casper-uuid-generic (37 bytes)
Extracting: E:\.disk\cd_type (15 bytes)
Extracting: E:\.disk\info (63 bytes)
Extracting: E:\.disk\release_notes_url (82 bytes)
Extracting: E:\boot\grub\efi.img (3.9 MB)
Extracting: E:\boot\grub\font.pf2 (4.9 KB)
Extracting: E:\boot\grub\grub.cfg (913 bytes)
Extracting: E:\boot\grub\loopback.cfg (240 bytes)
Extracting: E:\boot\grub\x86_64-efi\acpi.mod (15.2 KB)
Extracting: E:\boot\grub\x86_64-efi\adler32.mod (2 KB)
Extracting: E:\boot\grub\x86_64-efi\ahci.mod (22.4 KB)
Extracting: E:\boot\grub\x86_64-efi\all_video.mod (824 bytes)
Extracting: E:\boot\grub\x86_64-efi\aout.mod (1.6 KB)
Extracting: E:\boot\grub\x86_64-efi\appleldr.mod (5.4 KB)
Extracting: E:\boot\grub\x86_64-efi\archelp.mod (4.5 KB)
Extracting: E:\boot\grub\x86_64-efi\ata.mod (8.9 KB)
Extracting: E:\boot\grub\x86_64-efi\at_keyboard.mod (6.9 KB)
Extracting: E:\boot\grub\x86_64-efi\backtrace.mod (2.6 KB)
Extracting: E:\boot\grub\x86_64-efi\bfs.mod (9.3 KB)
Extracting: E:\boot\grub\x86_64-efi\bitmap.mod (3.3 KB)
Extracting: E:\boot\grub\x86_64-efi\bitmap_scale.mod (5.4 KB)
Extracting: E:\boot\grub\x86_64-efi\blocklist.mod (3.1 KB)
Extracting: E:\boot\grub\x86_64-efi\boot.mod (3.3 KB)
Extracting: E:\boot\grub\x86_64-efi\bsd.mod (47.3 KB)
Extracting: E:\boot\grub\x86_64-efi\bswap_test.mod (3.4 KB)
Extracting: E:\boot\grub\x86_64-efi\btrfs.mod (24.6 KB)
Extracting: E:\boot\grub\x86_64-efi\bufio.mod (2.9 KB)
Extracting: E:\boot\grub\x86_64-efi\cat.mod (4.5 KB)
Extracting: E:\boot\grub\x86_64-efi\cbfs.mod (5.8 KB)
Extracting: E:\boot\grub\x86_64-efi\cbls.mod (6.2 KB)
Extracting: E:\boot\grub\x86_64-efi\cbmemc.mod (4.0 KB)
Extracting: E:\boot\grub\x86_64-efi\cbtable.mod (1.7 KB)
Extracting: E:\boot\grub\x86_64-efi\cbtime.mod (4.5 KB)
Extracting: E:\boot\grub\x86_64-efi\chain.mod (19.8 KB)
Extracting: E:\boot\grub\x86_64-efi\cmdline_cat_test.mod (4.7 KB)
Extracting: E:\boot\grub\x86_64-efi\cmp.mod (3.0 KB)
Extracting: E:\boot\grub\x86_64-efi\cmp_test.mod (6.6 KB)
Extracting: E:\boot\grub\x86_64-efi\command.lst (3.6 KB)
Extracting: E:\boot\grub\x86_64-efi\cpio.mod (4.4 KB)
Extracting: E:\boot\grub\x86_64-efi\cpio_be.mod (4.4 KB)
Extracting: E:\boot\grub\x86_64-efi\cpuid.mod (2.7 KB)
Extracting: E:\boot\grub\x86_64-efi\crc64.mod (2.3 KB)
Extracting: E:\boot\grub\x86_64-efi\crypto.lst (936 bytes)
Extracting: E:\boot\grub\x86_64-efi\crypto.mod (6.9 KB)
Extracting: E:\boot\grub\x86_64-efi\cryptodisk.mod (15.5 KB)
Extracting: E:\boot\grub\x86_64-efi\cs5536.mod (3.9 KB)
Extracting: E:\boot\grub\x86_64-efi\ctz_test.mod (2.8 KB)
Extracting: E:\boot\grub\x86_64-efi\date.mod (3.3 KB)
Extracting: E:\boot\grub\x86_64-efi\datehook.mod (3.1 KB)
Extracting: E:\boot\grub\x86_64-efi\datetime.mod (2.0 KB)
Extracting: E:\boot\grub\x86_64-efi\disk.mod (3.2 KB)
Extracting: E:\boot\grub\x86_64-efi\diskfilter.mod (14.6 KB)
Extracting: E:\boot\grub\x86_64-efi\div.mod (1.5 KB)
Extracting: E:\boot\grub\x86_64-efi\div_test.mod (8.1 KB)
Extracting: E:\boot\grub\x86_64-efi\dm_nv.mod (2.9 KB)
Extracting: E:\boot\grub\x86_64-efi\echo.mod (3.1 KB)
Extracting: E:\boot\grub\x86_64-efi\efifwsetup.mod (2.2 KB)
Extracting: E:\boot\grub\x86_64-efi\efinet.mod (10.1 KB)
Extracting: E:\boot\grub\x86_64-efi\efi_gop.mod (12.4 KB)
Extracting: E:\boot\grub\x86_64-efi\efi_uga.mod (7.1 KB)
Extracting: E:\boot\grub\x86_64-efi\ehci.mod (25.2 KB)
Extracting: E:\boot\grub\x86_64-efi\elf.mod (6.3 KB)
Extracting: E:\boot\grub\x86_64-efi\eval.mod (2.3 KB)
Extracting: E:\boot\grub\x86_64-efi\exfat.mod (8.0 KB)
Extracting: E:\boot\grub\x86_64-efi\exfctest.mod (2.4 KB)
Extracting: E:\boot\grub\x86_64-efi\ext2.mod (8.8 KB)
Extracting: E:\boot\grub\x86_64-efi\f2fs.mod (9.6 KB)
Extracting: E:\boot\grub\x86_64-efi\fat.mod (8.1 KB)
Extracting: E:\boot\grub\x86_64-efi\fdt.lst (0 bytes)
Extracting: E:\boot\grub\x86_64-efi\file.mod (25.5 KB)
Extracting: E:\boot\grub\x86_64-efi\fixvideo.mod (3.1 KB)
Extracting: E:\boot\grub\x86_64-efi\font.mod (17.0 KB)
Extracting: E:\boot\grub\x86_64-efi\fs.lst (219 bytes)
Extracting: E:\boot\grub\x86_64-efi\gcry_arcfour.mod (2.5 KB)
Extracting: E:\boot\grub\x86_64-efi\gcry_blowfish.mod (9 KB)
Extracting: E:\boot\grub\x86_64-efi\gcry_camellia.mod (27.9 KB)
Extracting: E:\boot\grub\x86_64-efi\gcry_cast5.mod (14.6 KB)
Extracting: E:\boot\grub\x86_64-efi\gcry_crc.mod (11.8 KB)
Extracting: E:\boot\grub\x86_64-efi\gcry_des.mod (16.2 KB)
Extracting: E:\boot\grub\x86_64-efi\gcry_dsa.mod (3.5 KB)
Extracting: E:\boot\grub\x86_64-efi\gcry_idea.mod (4.1 KB)
Extracting: E:\boot\grub\x86_64-efi\gcry_md4.mod (4.2 KB)
Extracting: E:\boot\grub\x86_64-efi\gcry_md5.mod (4.6 KB)
Extracting: E:\boot\grub\x86_64-efi\gcry_rfc2268.mod (3.3 KB)
Extracting: E:\boot\grub\x86_64-efi\gcry_rijndael.mod (20.1 KB)
Extracting: E:\boot\grub\x86_64-efi\gcry_rmd160.mod (7.9 KB)
Extracting: E:\boot\grub\x86_64-efi\gcry_rsa.mod (3.5 KB)
Extracting: E:\boot\grub\x86_64-efi\gcry_seed.mod (13.2 KB)
Extracting: E:\boot\grub\x86_64-efi\gcry_serpent.mod (16.5 KB)
Extracting: E:\boot\grub\x86_64-efi\gcry_sha1.mod (7.6 KB)
Extracting: E:\boot\grub\x86_64-efi\gcry_sha256.mod (5.2 KB)
Extracting: E:\boot\grub\x86_64-efi\gcry_sha512.mod (6 KB)
Extracting: E:\boot\grub\x86_64-efi\gcry_tiger.mod (13 KB)
Extracting: E:\boot\grub\x86_64-efi\gcry_twofish.mod (32.9 KB)
Extracting: E:\boot\grub\x86_64-efi\gcry_whirlpool.mod (22.5 KB)
Extracting: E:\boot\grub\x86_64-efi\geli.mod (9.2 KB)
Extracting: E:\boot\grub\x86_64-efi\gettext.mod (8.4 KB)
Extracting: E:\boot\grub\x86_64-efi\gfxmenu.mod (58.2 KB)
Extracting: E:\boot\grub\x86_64-efi\gfxterm.mod (16.7 KB)
Extracting: E:\boot\grub\x86_64-efi\gfxterm_background.mod (4.5 KB)
Extracting: E:\boot\grub\x86_64-efi\gfxterm_menu.mod (7.8 KB)
Extracting: E:\boot\grub\x86_64-efi\gptsync.mod (5.3 KB)
Extracting: E:\boot\grub\x86_64-efi\grub.cfg (219 bytes)
Extracting: E:\boot\grub\x86_64-efi\gzio.mod (11.7 KB)
Extracting: E:\boot\grub\x86_64-efi\halt.mod (6.7 KB)
Extracting: E:\boot\grub\x86_64-efi\hashsum.mod (8.3 KB)
Extracting: E:\boot\grub\x86_64-efi\hdparm.mod (10.3 KB)
Extracting: E:\boot\grub\x86_64-efi\help.mod (4.0 KB)
Extracting: E:\boot\grub\x86_64-efi\hexdump.mod (4.5 KB)
Extracting: E:\boot\grub\x86_64-efi\hfs.mod (10.0 KB)
Extracting: E:\boot\grub\x86_64-efi\hfsplus.mod (10.9 KB)
Extracting: E:\boot\grub\x86_64-efi\hfspluscomp.mod (4.3 KB)
Extracting: E:\boot\grub\x86_64-efi\http.mod (9.3 KB)
Extracting: E:\boot\grub\x86_64-efi\iorw.mod (4.7 KB)
Extracting: E:\boot\grub\x86_64-efi\jfs.mod (8.6 KB)
Extracting: E:\boot\grub\x86_64-efi\jpeg.mod (8.7 KB)
Extracting: E:\boot\grub\x86_64-efi\keylayouts.mod (6.4 KB)
Extracting: E:\boot\grub\x86_64-efi\keystatus.mod (3.1 KB)
Extracting: E:\boot\grub\x86_64-efi\ldm.mod (8.1 KB)
Extracting: E:\boot\grub\x86_64-efi\legacycfg.mod (44.0 KB)
Extracting: E:\boot\grub\x86_64-efi\legacy_password_test.mod (15.7 KB)
Extracting: E:\boot\grub\x86_64-efi\linux.mod (20.5 KB)
Extracting: E:\boot\grub\x86_64-efi\linux16.mod (8.9 KB)
Extracting: E:\boot\grub\x86_64-efi\linuxefi.mod (12 KB)
Extracting: E:\boot\grub\x86_64-efi\loadbios.mod (4.7 KB)
Extracting: E:\boot\grub\x86_64-efi\loadenv.mod (9.1 KB)
Extracting: E:\boot\grub\x86_64-efi\loopback.mod (4.8 KB)
Extracting: E:\boot\grub\x86_64-efi\ls.mod (6.4 KB)
Extracting: E:\boot\grub\x86_64-efi\lsacpi.mod (7.1 KB)
Extracting: E:\boot\grub\x86_64-efi\lsefi.mod (5.2 KB)
Extracting: E:\boot\grub\x86_64-efi\lsefimmap.mod (3.7 KB)
Extracting: E:\boot\grub\x86_64-efi\lsefisystab.mod (4.4 KB)
Extracting: E:\boot\grub\x86_64-efi\lsmmap.mod (3 KB)
Extracting: E:\boot\grub\x86_64-efi\lspci.mod (7.2 KB)
Extracting: E:\boot\grub\x86_64-efi\lssal.mod (3.8 KB)
Extracting: E:\boot\grub\x86_64-efi\luks.mod (9.6 KB)
Extracting: E:\boot\grub\x86_64-efi\lvm.mod (9.6 KB)
Extracting: E:\boot\grub\x86_64-efi\lzopio.mod (6.9 KB)
Extracting: E:\boot\grub\x86_64-efi\macbless.mod (4.9 KB)
Extracting: E:\boot\grub\x86_64-efi\macho.mod (10.8 KB)
Extracting: E:\boot\grub\x86_64-efi\mdraid09.mod (2.9 KB)
Extracting: E:\boot\grub\x86_64-efi\mdraid09_be.mod (2.9 KB)
Extracting: E:\boot\grub\x86_64-efi\mdraid1x.mod (2.7 KB)
Extracting: E:\boot\grub\x86_64-efi\memrw.mod (4.7 KB)
Extracting: E:\boot\grub\x86_64-efi\minicmd.mod (5.8 KB)
Extracting: E:\boot\grub\x86_64-efi\minix2.mod (5.6 KB)
Extracting: E:\boot\grub\x86_64-efi\minix2_be.mod (5.7 KB)
Extracting: E:\boot\grub\x86_64-efi\minix3.mod (5.7 KB)
Extracting: E:\boot\grub\x86_64-efi\minix3_be.mod (5.8 KB)
Extracting: E:\boot\grub\x86_64-efi\minix_be.mod (5.6 KB)
Extracting: E:\boot\grub\x86_64-efi\mmap.mod (9.4 KB)
Extracting: E:\boot\grub\x86_64-efi\moddep.lst (5.1 KB)
Extracting: E:\boot\grub\x86_64-efi\morse.mod (3.4 KB)
Extracting: E:\boot\grub\x86_64-efi\mpi.mod (42.6 KB)
Extracting: E:\boot\grub\x86_64-efi\msdospart.mod (3.8 KB)
Extracting: E:\boot\grub\x86_64-efi\multiboot.mod (20.5 KB)
Extracting: E:\boot\grub\x86_64-efi\multiboot2.mod (23.7 KB)
Extracting: E:\boot\grub\x86_64-efi\mul_test.mod (2.5 KB)
Extracting: E:\boot\grub\x86_64-efi\nativedisk.mod (6.7 KB)
Extracting: E:\boot\grub\x86_64-efi\net.mod (88.4 KB)
Extracting: E:\boot\grub\x86_64-efi\newc.mod (4.6 KB)
Extracting: E:\boot\grub\x86_64-efi\ntfs.mod (15 KB)
Extracting: E:\boot\grub\x86_64-efi\ntfscomp.mod (5.7 KB)
Extracting: E:\boot\grub\x86_64-efi\odc.mod (4.4 KB)
Extracting: E:\boot\grub\x86_64-efi\offsetio.mod (2.3 KB)
Extracting: E:\boot\grub\x86_64-efi\ohci.mod (15.6 KB)
Extracting: E:\boot\grub\x86_64-efi\partmap.lst (111 bytes)
Extracting: E:\boot\grub\x86_64-efi\parttool.lst (17 bytes)
Extracting: E:\boot\grub\x86_64-efi\parttool.mod (7.4 KB)
Extracting: E:\boot\grub\x86_64-efi\part_acorn.mod (2.4 KB)
Extracting: E:\boot\grub\x86_64-efi\part_amiga.mod (2.7 KB)
Extracting: E:\boot\grub\x86_64-efi\part_apple.mod (3.1 KB)
Extracting: E:\boot\grub\x86_64-efi\part_bsd.mod (4.3 KB)
Extracting: E:\boot\grub\x86_64-efi\part_dfly.mod (2.7 KB)
Extracting: E:\boot\grub\x86_64-efi\part_dvh.mod (2.3 KB)
Extracting: E:\boot\grub\x86_64-efi\part_gpt.mod (3.3 KB)
Extracting: E:\boot\grub\x86_64-efi\part_msdos.mod (3.1 KB)
Extracting: E:\boot\grub\x86_64-efi\part_plan.mod (2.6 KB)
Extracting: E:\boot\grub\x86_64-efi\part_sun.mod (2.3 KB)
Extracting: E:\boot\grub\x86_64-efi\part_sunpc.mod (2.6 KB)
Extracting: E:\boot\grub\x86_64-efi\password.mod (3 KB)
Extracting: E:\boot\grub\x86_64-efi\password_pbkdf2.mod (4.4 KB)
Extracting: E:\boot\grub\x86_64-efi\pata.mod (7.4 KB)
Extracting: E:\boot\grub\x86_64-efi\pbkdf2.mod (2.1 KB)
Extracting: E:\boot\grub\x86_64-efi\pbkdf2_test.mod (3.5 KB)
Extracting: E:\boot\grub\x86_64-efi\pcidump.mod (3.6 KB)
Extracting: E:\boot\grub\x86_64-efi\pgp.mod (19 KB)
Extracting: E:\boot\grub\x86_64-efi\play.mod (4.1 KB)
Extracting: E:\boot\grub\x86_64-efi\png.mod (10.2 KB)
Extracting: E:\boot\grub\x86_64-efi\priority_queue.mod (2.4 KB)
Extracting: E:\boot\grub\x86_64-efi\probe.mod (4.4 KB)
Extracting: E:\boot\grub\x86_64-efi\procfs.mod (3.9 KB)
Extracting: E:\boot\grub\x86_64-efi\progress.mod (3.2 KB)
Extracting: E:\boot\grub\x86_64-efi\raid5rec.mod (2.1 KB)
Extracting: E:\boot\grub\x86_64-efi\raid6rec.mod (3.4 KB)
Extracting: E:\boot\grub\x86_64-efi\random.mod (3.7 KB)
Extracting: E:\boot\grub\x86_64-efi\rdmsr.mod (3.1 KB)
Extracting: E:\boot\grub\x86_64-efi\read.mod (2.4 KB)
Extracting: E:\boot\grub\x86_64-efi\reboot.mod (1.7 KB)
Extracting: E:\boot\grub\x86_64-efi\regexp.mod (74.3 KB)
Extracting: E:\boot\grub\x86_64-efi\reiserfs.mod (13.6 KB)
Extracting: E:\boot\grub\x86_64-efi\relocator.mod (25.7 KB)
Extracting: E:\boot\grub\x86_64-efi\romfs.mod (5.8 KB)
Extracting: E:\boot\grub\x86_64-efi\scsi.mod (7 KB)
Extracting: E:\boot\grub\x86_64-efi\serial.mod (14.5 KB)
Extracting: E:\boot\grub\x86_64-efi\setjmp.mod (1 KB)
Extracting: E:\boot\grub\x86_64-efi\setjmp_test.mod (2.7 KB)
Extracting: E:\boot\grub\x86_64-efi\setpci.mod (8.3 KB)
Extracting: E:\boot\grub\x86_64-efi\shift_test.mod (3.2 KB)
Extracting: E:\boot\grub\x86_64-efi\shim_lock.mod (3.6 KB)
Extracting: E:\boot\grub\x86_64-efi\signature_test.mod (8.7 KB)
Extracting: E:\boot\grub\x86_64-efi\sleep.mod (3.6 KB)
Extracting: E:\boot\grub\x86_64-efi\sleep_test.mod (3.4 KB)
Extracting: E:\boot\grub\x86_64-efi\smbios.mod (8.5 KB)
Extracting: E:\boot\grub\x86_64-efi\spkmodem.mod (3.3 KB)
Extracting: E:\boot\grub\x86_64-efi\squash4.mod (9.9 KB)
Extracting: E:\boot\grub\x86_64-efi\strtoull_test.mod (3.4 KB)
Extracting: E:\boot\grub\x86_64-efi\syslinuxcfg.mod (29.3 KB)
Extracting: E:\boot\grub\x86_64-efi\terminal.lst (162 bytes)
Extracting: E:\boot\grub\x86_64-efi\terminal.mod (6.7 KB)
Extracting: E:\boot\grub\x86_64-efi\terminfo.mod (18.6 KB)
Extracting: E:\boot\grub\x86_64-efi\test.mod (7.4 KB)
Extracting: E:\boot\grub\x86_64-efi\testload.mod (3.9 KB)
Extracting: E:\boot\grub\x86_64-efi\testspeed.mod (3.5 KB)
Extracting: E:\boot\grub\x86_64-efi\test_blockarg.mod (2.1 KB)
Extracting: E:\boot\grub\x86_64-efi\tftp.mod (7.4 KB)
Extracting: E:\boot\grub\x86_64-efi\tga.mod (6.4 KB)
Extracting: E:\boot\grub\x86_64-efi\time.mod (2.4 KB)
Extracting: E:\boot\grub\x86_64-efi\tpm.mod (6.8 KB)
Extracting: E:\boot\grub\x86_64-efi\tr.mod (3.7 KB)
Extracting: E:\boot\grub\x86_64-efi\trig.mod (2.2 KB)
Extracting: E:\boot\grub\x86_64-efi\true.mod (2.0 KB)
Extracting: E:\boot\grub\x86_64-efi\udf.mod (12 KB)
Extracting: E:\boot\grub\x86_64-efi\ufs1.mod (7.7 KB)
Extracting: E:\boot\grub\x86_64-efi\ufs1_be.mod (7.8 KB)
Extracting: E:\boot\grub\x86_64-efi\ufs2.mod (7.7 KB)
Extracting: E:\boot\grub\x86_64-efi\uhci.mod (10 KB)
Extracting: E:\boot\grub\x86_64-efi\usb.mod (15.4 KB)
Extracting: E:\boot\grub\x86_64-efi\usbms.mod (10.8 KB)
Extracting: E:\boot\grub\x86_64-efi\usbserial_common.mod (3.0 KB)
Extracting: E:\boot\grub\x86_64-efi\usbserial_ftdi.mod (3.5 KB)
Extracting: E:\boot\grub\x86_64-efi\usbserial_pl2303.mod (3.8 KB)
Extracting: E:\boot\grub\x86_64-efi\usbserial_usbdebug.mod (2.5 KB)
Extracting: E:\boot\grub\x86_64-efi\usbtest.mod (5.6 KB)
Extracting: E:\boot\grub\x86_64-efi\usb_keyboard.mod (5.8 KB)
Extracting: E:\boot\grub\x86_64-efi\verifiers.mod (3.6 KB)
Extracting: E:\boot\grub\x86_64-efi\video.lst (41 bytes)
Extracting: E:\boot\grub\x86_64-efi\video.mod (8.9 KB)
Extracting: E:\boot\grub\x86_64-efi\videoinfo.mod (5.3 KB)
Extracting: E:\boot\grub\x86_64-efi\videotest.mod (5.5 KB)
Extracting: E:\boot\grub\x86_64-efi\videotest_checksum.mod (3.8 KB)
Extracting: E:\boot\grub\x86_64-efi\video_bochs.mod (8.4 KB)
Extracting: E:\boot\grub\x86_64-efi\video_cirrus.mod (9.0 KB)
Extracting: E:\boot\grub\x86_64-efi\video_colors.mod (9.9 KB)
Extracting: E:\boot\grub\x86_64-efi\video_fb.mod (27.8 KB)
Extracting: E:\boot\grub\x86_64-efi\wrmsr.mod (2.4 KB)
Extracting: E:\boot\grub\x86_64-efi\xfs.mod (10.3 KB)
Extracting: E:\boot\grub\x86_64-efi\xnu.mod (41.1 KB)
Extracting: E:\boot\grub\x86_64-efi\xnu_uuid.mod (3.3 KB)
Extracting: E:\boot\grub\x86_64-efi\xnu_uuid_test.mod (3.4 KB)
Extracting: E:\boot\grub\x86_64-efi\xzio.mod (19.4 KB)
Extracting: E:\boot\grub\x86_64-efi\zfscrypt.mod (8.4 KB)
Extracting: E:\boot\grub\x86_64-efi\zstd.mod (78.1 KB)
Extracting: E:\casper\filesystem.manifest (56.4 KB)
Extracting: E:\casper\filesystem.manifest-minimal-remove (2.8 KB)
Extracting: E:\casper\filesystem.manifest-remove (3.7 KB)
Extracting: E:\casper\filesystem.size (11 bytes)
Extracting: E:\casper\filesystem.squashfs (2.0 GB)
